22-Sep-2024 11:17:28.006 INFO [main] org.apache.catalina.startup.VersionLoggerListener.log Server version name:   Apache Tomcat/10.1.28
22-Sep-2024 11:17:28.015 INFO [main] org.apache.catalina.startup.VersionLoggerListener.log Server built:          Aug 2 2024 15:14:43 UTC
22-Sep-2024 11:17:28.018 INFO [main] org.apache.catalina.startup.VersionLoggerListener.log Server version number: 10.1.28.0
22-Sep-2024 11:17:28.018 INFO [main] org.apache.catalina.startup.VersionLoggerListener.log OS Name:               Windows 11
22-Sep-2024 11:17:28.019 INFO [main] org.apache.catalina.startup.VersionLoggerListener.log OS Version:            10.0
22-Sep-2024 11:17:28.019 INFO [main] org.apache.catalina.startup.VersionLoggerListener.log Architecture:          amd64
22-Sep-2024 11:17:28.019 INFO [main] org.apache.catalina.startup.VersionLoggerListener.log Java Home:             C:\Users\thang\.jdks\openjdk-22.0.2
22-Sep-2024 11:17:28.020 INFO [main] org.apache.catalina.startup.VersionLoggerListener.log JVM Version:           22.0.2+9-70
22-Sep-2024 11:17:28.021 INFO [main] org.apache.catalina.startup.VersionLoggerListener.log JVM Vendor:            Oracle Corporation
22-Sep-2024 11:17:28.021 INFO [main] org.apache.catalina.startup.VersionLoggerListener.log CATALINA_BASE:         C:\Users\thang\LTWeb
22-Sep-2024 11:17:28.021 INFO [main] org.apache.catalina.startup.VersionLoggerListener.log CATALINA_HOME:         C:\Users\thang\Tomcat\apache-tomcat-10.1.28-windows-x64\apache-tomcat-10.1.28
22-Sep-2024 11:17:28.033 INFO [main] org.apache.catalina.startup.VersionLoggerListener.log Command line argument: --add-opens=java.base/java.lang=ALL-UNNAMED
22-Sep-2024 11:17:28.033 INFO [main] org.apache.catalina.startup.VersionLoggerListener.log Command line argument: --add-opens=java.base/java.io=ALL-UNNAMED
22-Sep-2024 11:17:28.033 INFO [main] org.apache.catalina.startup.VersionLoggerListener.log Command line argument: --add-opens=java.base/java.util=ALL-UNNAMED
22-Sep-2024 11:17:28.033 INFO [main] org.apache.catalina.startup.VersionLoggerListener.log Command line argument: --add-opens=java.base/java.util.concurrent=ALL-UNNAMED
22-Sep-2024 11:17:28.034 INFO [main] org.apache.catalina.startup.VersionLoggerListener.log Command line argument: --add-opens=java.rmi/sun.rmi.transport=ALL-UNNAMED
22-Sep-2024 11:17:28.034 INFO [main] org.apache.catalina.startup.VersionLoggerListener.log Command line argument: -Dcatalina.home=C:\Users\thang\Tomcat\apache-tomcat-10.1.28-windows-x64\apache-tomcat-10.1.28
22-Sep-2024 11:17:28.035 INFO [main] org.apache.catalina.startup.VersionLoggerListener.log Command line argument: -Dcatalina.base=C:\Users\thang\LTWeb
22-Sep-2024 11:17:28.035 INFO [main] org.apache.catalina.startup.VersionLoggerListener.log Command line argument: -Djava.io.tmpdir=C:\Users\thang\LTWeb\temp
22-Sep-2024 11:17:28.035 INFO [main] org.apache.catalina.startup.VersionLoggerListener.log Command line argument: -Djava.util.logging.config.file=C:\Users\thang\LTWeb\conf\logging.properties
22-Sep-2024 11:17:28.036 INFO [main] org.apache.catalina.startup.VersionLoggerListener.log Command line argument: -Djava.util.logging.manager=org.apache.juli.ClassLoaderLogManager
22-Sep-2024 11:17:28.036 INFO [main] org.apache.catalina.startup.VersionLoggerListener.log Command line argument: -javaagent:C:\Users\thang\AppData\Local\JetBrains\IntelliJ IDEA 2024.1\lib\idea_rt.jar=64741:C:\Users\thang\AppData\Local\JetBrains\IntelliJ IDEA 2024.1\bin
22-Sep-2024 11:17:28.036 INFO [main] org.apache.catalina.startup.VersionLoggerListener.log Command line argument: -Dfile.encoding=UTF-8
22-Sep-2024 11:17:28.036 INFO [main] org.apache.catalina.startup.VersionLoggerListener.log Command line argument: -Dsun.stdout.encoding=UTF-8
22-Sep-2024 11:17:28.037 INFO [main] org.apache.catalina.startup.VersionLoggerListener.log Command line argument: -Dsun.stderr.encoding=UTF-8
22-Sep-2024 11:17:28.085 INFO [main] org.apache.catalina.core.AprLifecycleListener.lifecycleEvent Loaded Apache Tomcat Native library [2.0.8] using APR version [1.7.4].
22-Sep-2024 11:17:28.117 INFO [main] org.apache.catalina.core.AprLifecycleListener.initializeSSL OpenSSL successfully initialized [OpenSSL 3.0.14 4 Jun 2024]
22-Sep-2024 11:17:28.506 INFO [main] org.apache.coyote.AbstractProtocol.init Initializing ProtocolHandler ["http-nio-8080"]
22-Sep-2024 11:17:28.533 INFO [main] org.apache.catalina.startup.Catalina.load Server initialization in [903] milliseconds
22-Sep-2024 11:17:28.635 INFO [main] org.apache.catalina.core.StandardService.startInternal Starting service [Catalina]
22-Sep-2024 11:17:28.635 INFO [main] org.apache.catalina.core.StandardEngine.startInternal Starting Servlet engine: [Apache Tomcat/10.1.28]
22-Sep-2024 11:17:28.646 INFO [main] org.apache.catalina.startup.HostConfig.deployDescriptor Deploying deployment descriptor [C:\Users\thang\LTWeb\conf\Catalina\localhost\LTWeb.xml]
22-Sep-2024 11:17:31.353 INFO [main] org.apache.jasper.servlet.TldScanner.scanJars At least one JAR was scanned for TLDs yet contained no TLDs. Enable debug logging for this logger for a complete list of JARs that were scanned but no TLDs were found in them. Skipping unneeded JARs during scanning can improve startup time and JSP compilation time.
22-Sep-2024 11:17:31.462 INFO [main] org.apache.catalina.startup.HostConfig.deployDescriptor Deployment of deployment descriptor [C:\Users\thang\LTWeb\conf\Catalina\localhost\LTWeb.xml] has finished in [2,815] ms
22-Sep-2024 11:17:31.466 INFO [main] org.apache.coyote.AbstractProtocol.start Starting ProtocolHandler ["http-nio-8080"]
22-Sep-2024 11:17:31.493 INFO [main] org.apache.catalina.startup.Catalina.start Server startup in [2958] milliseconds
22-Sep-2024 11:28:03.417 INFO [Thread-1] org.apache.coyote.AbstractProtocol.pause Pausing ProtocolHandler ["http-nio-8080"]
22-Sep-2024 11:28:03.424 INFO [Thread-1] org.apache.catalina.core.StandardService.stopInternal Stopping service [Catalina]
22-Sep-2024 11:28:03.436 INFO [Thread-1] org.apache.coyote.AbstractProtocol.stop Stopping ProtocolHandler ["http-nio-8080"]
22-Sep-2024 11:28:03.455 INFO [Thread-1] org.apache.coyote.AbstractProtocol.destroy Destroying ProtocolHandler ["http-nio-8080"]
