29-Sep-2024 22:25:54.233 INFO [main] org.apache.catalina.startup.VersionLoggerListener.log Server version name:   Apache Tomcat/10.1.28
29-Sep-2024 22:25:54.238 INFO [main] org.apache.catalina.startup.VersionLoggerListener.log Server built:          Aug 2 2024 15:14:43 UTC
29-Sep-2024 22:25:54.238 INFO [main] org.apache.catalina.startup.VersionLoggerListener.log Server version number: 10.1.28.0
29-Sep-2024 22:25:54.238 INFO [main] org.apache.catalina.startup.VersionLoggerListener.log OS Name:               Windows 11
29-Sep-2024 22:25:54.238 INFO [main] org.apache.catalina.startup.VersionLoggerListener.log OS Version:            10.0
29-Sep-2024 22:25:54.239 INFO [main] org.apache.catalina.startup.VersionLoggerListener.log Architecture:          amd64
29-Sep-2024 22:25:54.239 INFO [main] org.apache.catalina.startup.VersionLoggerListener.log Java Home:             C:\Users\thang\.jdks\openjdk-22.0.2
29-Sep-2024 22:25:54.239 INFO [main] org.apache.catalina.startup.VersionLoggerListener.log JVM Version:           22.0.2+9-70
29-Sep-2024 22:25:54.239 INFO [main] org.apache.catalina.startup.VersionLoggerListener.log JVM Vendor:            Oracle Corporation
29-Sep-2024 22:25:54.239 INFO [main] org.apache.catalina.startup.VersionLoggerListener.log CATALINA_BASE:         C:\Users\thang\LTWeb
29-Sep-2024 22:25:54.239 INFO [main] org.apache.catalina.startup.VersionLoggerListener.log CATALINA_HOME:         C:\Users\thang\Tomcat\apache-tomcat-10.1.28-windows-x64\apache-tomcat-10.1.28
29-Sep-2024 22:25:54.249 INFO [main] org.apache.catalina.startup.VersionLoggerListener.log Command line argument: --add-opens=java.base/java.lang=ALL-UNNAMED
29-Sep-2024 22:25:54.249 INFO [main] org.apache.catalina.startup.VersionLoggerListener.log Command line argument: --add-opens=java.base/java.io=ALL-UNNAMED
29-Sep-2024 22:25:54.249 INFO [main] org.apache.catalina.startup.VersionLoggerListener.log Command line argument: --add-opens=java.base/java.util=ALL-UNNAMED
29-Sep-2024 22:25:54.249 INFO [main] org.apache.catalina.startup.VersionLoggerListener.log Command line argument: --add-opens=java.base/java.util.concurrent=ALL-UNNAMED
29-Sep-2024 22:25:54.249 INFO [main] org.apache.catalina.startup.VersionLoggerListener.log Command line argument: --add-opens=java.rmi/sun.rmi.transport=ALL-UNNAMED
29-Sep-2024 22:25:54.249 INFO [main] org.apache.catalina.startup.VersionLoggerListener.log Command line argument: -Dcatalina.home=C:\Users\thang\Tomcat\apache-tomcat-10.1.28-windows-x64\apache-tomcat-10.1.28
29-Sep-2024 22:25:54.249 INFO [main] org.apache.catalina.startup.VersionLoggerListener.log Command line argument: -Dcatalina.base=C:\Users\thang\LTWeb
29-Sep-2024 22:25:54.249 INFO [main] org.apache.catalina.startup.VersionLoggerListener.log Command line argument: -Djava.io.tmpdir=C:\Users\thang\LTWeb\temp
29-Sep-2024 22:25:54.249 INFO [main] org.apache.catalina.startup.VersionLoggerListener.log Command line argument: -Djava.util.logging.config.file=C:\Users\thang\LTWeb\conf\logging.properties
29-Sep-2024 22:25:54.250 INFO [main] org.apache.catalina.startup.VersionLoggerListener.log Command line argument: -Djava.util.logging.manager=org.apache.juli.ClassLoaderLogManager
29-Sep-2024 22:25:54.250 INFO [main] org.apache.catalina.startup.VersionLoggerListener.log Command line argument: -javaagent:C:\Users\thang\AppData\Local\JetBrains\IntelliJ IDEA 2024.1\lib\idea_rt.jar=53731:C:\Users\thang\AppData\Local\JetBrains\IntelliJ IDEA 2024.1\bin
29-Sep-2024 22:25:54.250 INFO [main] org.apache.catalina.startup.VersionLoggerListener.log Command line argument: -Dfile.encoding=UTF-8
29-Sep-2024 22:25:54.250 INFO [main] org.apache.catalina.startup.VersionLoggerListener.log Command line argument: -Dsun.stdout.encoding=UTF-8
29-Sep-2024 22:25:54.250 INFO [main] org.apache.catalina.startup.VersionLoggerListener.log Command line argument: -Dsun.stderr.encoding=UTF-8
29-Sep-2024 22:25:54.316 INFO [main] org.apache.catalina.core.AprLifecycleListener.lifecycleEvent Loaded Apache Tomcat Native library [2.0.8] using APR version [1.7.4].
29-Sep-2024 22:25:54.339 INFO [main] org.apache.catalina.core.AprLifecycleListener.initializeSSL OpenSSL successfully initialized [OpenSSL 3.0.14 4 Jun 2024]
29-Sep-2024 22:25:54.647 INFO [main] org.apache.coyote.AbstractProtocol.init Initializing ProtocolHandler ["http-nio-8080"]
29-Sep-2024 22:25:54.666 INFO [main] org.apache.catalina.startup.Catalina.load Server initialization in [637] milliseconds
29-Sep-2024 22:25:54.746 INFO [main] org.apache.catalina.core.StandardService.startInternal Starting service [Catalina]
29-Sep-2024 22:25:54.746 INFO [main] org.apache.catalina.core.StandardEngine.startInternal Starting Servlet engine: [Apache Tomcat/10.1.28]
29-Sep-2024 22:25:54.759 INFO [main] org.apache.catalina.startup.HostConfig.deployDescriptor Deploying deployment descriptor [C:\Users\thang\LTWeb\conf\Catalina\localhost\LTWeb.xml]
29-Sep-2024 22:25:56.171 INFO [main] org.apache.jasper.servlet.TldScanner.scanJars At least one JAR was scanned for TLDs yet contained no TLDs. Enable debug logging for this logger for a complete list of JARs that were scanned but no TLDs were found in them. Skipping unneeded JARs during scanning can improve startup time and JSP compilation time.
29-Sep-2024 22:25:56.269 INFO [main] org.sitemesh.config.ConfigurableSiteMeshFilter.init SiteMesh 3.2.1 initialized with filter name 'sitemesh'
29-Sep-2024 22:25:56.286 INFO [main] org.apache.catalina.startup.HostConfig.deployDescriptor Deployment of deployment descriptor [C:\Users\thang\LTWeb\conf\Catalina\localhost\LTWeb.xml] has finished in [1,526] ms
29-Sep-2024 22:25:56.289 INFO [main] org.apache.coyote.AbstractProtocol.start Starting ProtocolHandler ["http-nio-8080"]
29-Sep-2024 22:25:56.311 INFO [main] org.apache.catalina.startup.Catalina.start Server startup in [1642] milliseconds
29-Sep-2024 22:30:54.979 INFO [Thread-1] org.apache.coyote.AbstractProtocol.pause Pausing ProtocolHandler ["http-nio-8080"]
29-Sep-2024 22:30:54.984 INFO [Thread-1] org.apache.catalina.core.StandardService.stopInternal Stopping service [Catalina]
29-Sep-2024 22:30:54.992 INFO [Thread-1] org.apache.coyote.AbstractProtocol.stop Stopping ProtocolHandler ["http-nio-8080"]
29-Sep-2024 22:30:54.995 INFO [Thread-1] org.apache.coyote.AbstractProtocol.destroy Destroying ProtocolHandler ["http-nio-8080"]
29-Sep-2024 22:30:56.560 INFO [main] org.apache.catalina.startup.VersionLoggerListener.log Server version name:   Apache Tomcat/10.1.28
29-Sep-2024 22:30:56.564 INFO [main] org.apache.catalina.startup.VersionLoggerListener.log Server built:          Aug 2 2024 15:14:43 UTC
29-Sep-2024 22:30:56.564 INFO [main] org.apache.catalina.startup.VersionLoggerListener.log Server version number: 10.1.28.0
29-Sep-2024 22:30:56.564 INFO [main] org.apache.catalina.startup.VersionLoggerListener.log OS Name:               Windows 11
29-Sep-2024 22:30:56.564 INFO [main] org.apache.catalina.startup.VersionLoggerListener.log OS Version:            10.0
29-Sep-2024 22:30:56.564 INFO [main] org.apache.catalina.startup.VersionLoggerListener.log Architecture:          amd64
29-Sep-2024 22:30:56.564 INFO [main] org.apache.catalina.startup.VersionLoggerListener.log Java Home:             C:\Users\thang\.jdks\openjdk-22.0.2
29-Sep-2024 22:30:56.564 INFO [main] org.apache.catalina.startup.VersionLoggerListener.log JVM Version:           22.0.2+9-70
29-Sep-2024 22:30:56.565 INFO [main] org.apache.catalina.startup.VersionLoggerListener.log JVM Vendor:            Oracle Corporation
29-Sep-2024 22:30:56.565 INFO [main] org.apache.catalina.startup.VersionLoggerListener.log CATALINA_BASE:         C:\Users\thang\LTWeb
29-Sep-2024 22:30:56.565 INFO [main] org.apache.catalina.startup.VersionLoggerListener.log CATALINA_HOME:         C:\Users\thang\Tomcat\apache-tomcat-10.1.28-windows-x64\apache-tomcat-10.1.28
29-Sep-2024 22:30:56.574 INFO [main] org.apache.catalina.startup.VersionLoggerListener.log Command line argument: --add-opens=java.base/java.lang=ALL-UNNAMED
29-Sep-2024 22:30:56.574 INFO [main] org.apache.catalina.startup.VersionLoggerListener.log Command line argument: --add-opens=java.base/java.io=ALL-UNNAMED
29-Sep-2024 22:30:56.574 INFO [main] org.apache.catalina.startup.VersionLoggerListener.log Command line argument: --add-opens=java.base/java.util=ALL-UNNAMED
29-Sep-2024 22:30:56.574 INFO [main] org.apache.catalina.startup.VersionLoggerListener.log Command line argument: --add-opens=java.base/java.util.concurrent=ALL-UNNAMED
29-Sep-2024 22:30:56.574 INFO [main] org.apache.catalina.startup.VersionLoggerListener.log Command line argument: --add-opens=java.rmi/sun.rmi.transport=ALL-UNNAMED
29-Sep-2024 22:30:56.574 INFO [main] org.apache.catalina.startup.VersionLoggerListener.log Command line argument: -Dcatalina.home=C:\Users\thang\Tomcat\apache-tomcat-10.1.28-windows-x64\apache-tomcat-10.1.28
29-Sep-2024 22:30:56.574 INFO [main] org.apache.catalina.startup.VersionLoggerListener.log Command line argument: -Dcatalina.base=C:\Users\thang\LTWeb
29-Sep-2024 22:30:56.574 INFO [main] org.apache.catalina.startup.VersionLoggerListener.log Command line argument: -Djava.io.tmpdir=C:\Users\thang\LTWeb\temp
29-Sep-2024 22:30:56.574 INFO [main] org.apache.catalina.startup.VersionLoggerListener.log Command line argument: -Djava.util.logging.config.file=C:\Users\thang\LTWeb\conf\logging.properties
29-Sep-2024 22:30:56.574 INFO [main] org.apache.catalina.startup.VersionLoggerListener.log Command line argument: -Djava.util.logging.manager=org.apache.juli.ClassLoaderLogManager
29-Sep-2024 22:30:56.575 INFO [main] org.apache.catalina.startup.VersionLoggerListener.log Command line argument: -javaagent:C:\Users\thang\AppData\Local\JetBrains\IntelliJ IDEA 2024.1\lib\idea_rt.jar=53790:C:\Users\thang\AppData\Local\JetBrains\IntelliJ IDEA 2024.1\bin
29-Sep-2024 22:30:56.575 INFO [main] org.apache.catalina.startup.VersionLoggerListener.log Command line argument: -Dfile.encoding=UTF-8
29-Sep-2024 22:30:56.575 INFO [main] org.apache.catalina.startup.VersionLoggerListener.log Command line argument: -Dsun.stdout.encoding=UTF-8
29-Sep-2024 22:30:56.575 INFO [main] org.apache.catalina.startup.VersionLoggerListener.log Command line argument: -Dsun.stderr.encoding=UTF-8
29-Sep-2024 22:30:56.578 INFO [main] org.apache.catalina.core.AprLifecycleListener.lifecycleEvent Loaded Apache Tomcat Native library [2.0.8] using APR version [1.7.4].
29-Sep-2024 22:30:56.584 INFO [main] org.apache.catalina.core.AprLifecycleListener.initializeSSL OpenSSL successfully initialized [OpenSSL 3.0.14 4 Jun 2024]
29-Sep-2024 22:30:56.897 INFO [main] org.apache.coyote.AbstractProtocol.init Initializing ProtocolHandler ["http-nio-8080"]
29-Sep-2024 22:30:56.913 INFO [main] org.apache.catalina.startup.Catalina.load Server initialization in [524] milliseconds
29-Sep-2024 22:30:56.957 INFO [main] org.apache.catalina.core.StandardService.startInternal Starting service [Catalina]
29-Sep-2024 22:30:56.957 INFO [main] org.apache.catalina.core.StandardEngine.startInternal Starting Servlet engine: [Apache Tomcat/10.1.28]
29-Sep-2024 22:30:56.967 INFO [main] org.apache.catalina.startup.HostConfig.deployDescriptor Deploying deployment descriptor [C:\Users\thang\LTWeb\conf\Catalina\localhost\LTWeb.xml]
29-Sep-2024 22:30:58.165 INFO [main] org.apache.jasper.servlet.TldScanner.scanJars At least one JAR was scanned for TLDs yet contained no TLDs. Enable debug logging for this logger for a complete list of JARs that were scanned but no TLDs were found in them. Skipping unneeded JARs during scanning can improve startup time and JSP compilation time.
29-Sep-2024 22:30:58.260 INFO [main] org.sitemesh.config.ConfigurableSiteMeshFilter.init SiteMesh 3.2.1 initialized with filter name 'sitemesh'
29-Sep-2024 22:30:58.274 INFO [main] org.apache.catalina.startup.HostConfig.deployDescriptor Deployment of deployment descriptor [C:\Users\thang\LTWeb\conf\Catalina\localhost\LTWeb.xml] has finished in [1,306] ms
29-Sep-2024 22:30:58.276 INFO [main] org.apache.coyote.AbstractProtocol.start Starting ProtocolHandler ["http-nio-8080"]
29-Sep-2024 22:30:58.297 INFO [main] org.apache.catalina.startup.Catalina.start Server startup in [1382] milliseconds
29-Sep-2024 22:34:22.587 INFO [Thread-1] org.apache.coyote.AbstractProtocol.pause Pausing ProtocolHandler ["http-nio-8080"]
29-Sep-2024 22:34:22.592 INFO [Thread-1] org.apache.catalina.core.StandardService.stopInternal Stopping service [Catalina]
29-Sep-2024 22:34:22.599 INFO [Thread-1] org.apache.coyote.AbstractProtocol.stop Stopping ProtocolHandler ["http-nio-8080"]
29-Sep-2024 22:34:22.601 INFO [Thread-1] org.apache.coyote.AbstractProtocol.destroy Destroying ProtocolHandler ["http-nio-8080"]
29-Sep-2024 22:34:24.632 INFO [main] org.apache.catalina.startup.VersionLoggerListener.log Server version name:   Apache Tomcat/10.1.28
29-Sep-2024 22:34:24.636 INFO [main] org.apache.catalina.startup.VersionLoggerListener.log Server built:          Aug 2 2024 15:14:43 UTC
29-Sep-2024 22:34:24.636 INFO [main] org.apache.catalina.startup.VersionLoggerListener.log Server version number: 10.1.28.0
29-Sep-2024 22:34:24.636 INFO [main] org.apache.catalina.startup.VersionLoggerListener.log OS Name:               Windows 11
29-Sep-2024 22:34:24.636 INFO [main] org.apache.catalina.startup.VersionLoggerListener.log OS Version:            10.0
29-Sep-2024 22:34:24.636 INFO [main] org.apache.catalina.startup.VersionLoggerListener.log Architecture:          amd64
29-Sep-2024 22:34:24.636 INFO [main] org.apache.catalina.startup.VersionLoggerListener.log Java Home:             C:\Users\thang\.jdks\openjdk-22.0.2
29-Sep-2024 22:34:24.636 INFO [main] org.apache.catalina.startup.VersionLoggerListener.log JVM Version:           22.0.2+9-70
29-Sep-2024 22:34:24.637 INFO [main] org.apache.catalina.startup.VersionLoggerListener.log JVM Vendor:            Oracle Corporation
29-Sep-2024 22:34:24.637 INFO [main] org.apache.catalina.startup.VersionLoggerListener.log CATALINA_BASE:         C:\Users\thang\LTWeb
29-Sep-2024 22:34:24.637 INFO [main] org.apache.catalina.startup.VersionLoggerListener.log CATALINA_HOME:         C:\Users\thang\Tomcat\apache-tomcat-10.1.28-windows-x64\apache-tomcat-10.1.28
29-Sep-2024 22:34:24.645 INFO [main] org.apache.catalina.startup.VersionLoggerListener.log Command line argument: --add-opens=java.base/java.lang=ALL-UNNAMED
29-Sep-2024 22:34:24.645 INFO [main] org.apache.catalina.startup.VersionLoggerListener.log Command line argument: --add-opens=java.base/java.io=ALL-UNNAMED
29-Sep-2024 22:34:24.645 INFO [main] org.apache.catalina.startup.VersionLoggerListener.log Command line argument: --add-opens=java.base/java.util=ALL-UNNAMED
29-Sep-2024 22:34:24.645 INFO [main] org.apache.catalina.startup.VersionLoggerListener.log Command line argument: --add-opens=java.base/java.util.concurrent=ALL-UNNAMED
29-Sep-2024 22:34:24.645 INFO [main] org.apache.catalina.startup.VersionLoggerListener.log Command line argument: --add-opens=java.rmi/sun.rmi.transport=ALL-UNNAMED
29-Sep-2024 22:34:24.646 INFO [main] org.apache.catalina.startup.VersionLoggerListener.log Command line argument: -Dcatalina.home=C:\Users\thang\Tomcat\apache-tomcat-10.1.28-windows-x64\apache-tomcat-10.1.28
29-Sep-2024 22:34:24.646 INFO [main] org.apache.catalina.startup.VersionLoggerListener.log Command line argument: -Dcatalina.base=C:\Users\thang\LTWeb
29-Sep-2024 22:34:24.646 INFO [main] org.apache.catalina.startup.VersionLoggerListener.log Command line argument: -Djava.io.tmpdir=C:\Users\thang\LTWeb\temp
29-Sep-2024 22:34:24.646 INFO [main] org.apache.catalina.startup.VersionLoggerListener.log Command line argument: -Djava.util.logging.config.file=C:\Users\thang\LTWeb\conf\logging.properties
29-Sep-2024 22:34:24.646 INFO [main] org.apache.catalina.startup.VersionLoggerListener.log Command line argument: -Djava.util.logging.manager=org.apache.juli.ClassLoaderLogManager
29-Sep-2024 22:34:24.646 INFO [main] org.apache.catalina.startup.VersionLoggerListener.log Command line argument: -javaagent:C:\Users\thang\AppData\Local\JetBrains\IntelliJ IDEA 2024.1\lib\idea_rt.jar=53880:C:\Users\thang\AppData\Local\JetBrains\IntelliJ IDEA 2024.1\bin
29-Sep-2024 22:34:24.647 INFO [main] org.apache.catalina.startup.VersionLoggerListener.log Command line argument: -Dfile.encoding=UTF-8
29-Sep-2024 22:34:24.647 INFO [main] org.apache.catalina.startup.VersionLoggerListener.log Command line argument: -Dsun.stdout.encoding=UTF-8
29-Sep-2024 22:34:24.647 INFO [main] org.apache.catalina.startup.VersionLoggerListener.log Command line argument: -Dsun.stderr.encoding=UTF-8
29-Sep-2024 22:34:24.649 INFO [main] org.apache.catalina.core.AprLifecycleListener.lifecycleEvent Loaded Apache Tomcat Native library [2.0.8] using APR version [1.7.4].
29-Sep-2024 22:34:24.654 INFO [main] org.apache.catalina.core.AprLifecycleListener.initializeSSL OpenSSL successfully initialized [OpenSSL 3.0.14 4 Jun 2024]
29-Sep-2024 22:34:24.916 INFO [main] org.apache.coyote.AbstractProtocol.init Initializing ProtocolHandler ["http-nio-8080"]
29-Sep-2024 22:34:24.942 INFO [main] org.apache.catalina.startup.Catalina.load Server initialization in [475] milliseconds
29-Sep-2024 22:34:25.005 INFO [main] org.apache.catalina.core.StandardService.startInternal Starting service [Catalina]
29-Sep-2024 22:34:25.005 INFO [main] org.apache.catalina.core.StandardEngine.startInternal Starting Servlet engine: [Apache Tomcat/10.1.28]
29-Sep-2024 22:34:25.019 INFO [main] org.apache.catalina.startup.HostConfig.deployDescriptor Deploying deployment descriptor [C:\Users\thang\LTWeb\conf\Catalina\localhost\LTWeb.xml]
29-Sep-2024 22:34:26.177 INFO [main] org.apache.jasper.servlet.TldScanner.scanJars At least one JAR was scanned for TLDs yet contained no TLDs. Enable debug logging for this logger for a complete list of JARs that were scanned but no TLDs were found in them. Skipping unneeded JARs during scanning can improve startup time and JSP compilation time.
29-Sep-2024 22:34:26.269 INFO [main] org.sitemesh.config.ConfigurableSiteMeshFilter.init SiteMesh 3.2.1 initialized with filter name 'sitemesh'
29-Sep-2024 22:34:26.283 INFO [main] org.apache.catalina.startup.HostConfig.deployDescriptor Deployment of deployment descriptor [C:\Users\thang\LTWeb\conf\Catalina\localhost\LTWeb.xml] has finished in [1,263] ms
29-Sep-2024 22:34:26.286 INFO [main] org.apache.coyote.AbstractProtocol.start Starting ProtocolHandler ["http-nio-8080"]
29-Sep-2024 22:34:26.311 INFO [main] org.apache.catalina.startup.Catalina.start Server startup in [1367] milliseconds
29-Sep-2024 22:34:49.249 SEVERE [http-nio-8080-exec-7] org.sitemesh.webapp.WebAppContext.decorate Error 404 processing decorator '/WEB-INF/decorators/admin.jsp'
29-Sep-2024 22:50:46.922 INFO [Thread-1] org.apache.coyote.AbstractProtocol.pause Pausing ProtocolHandler ["http-nio-8080"]
29-Sep-2024 22:50:46.926 INFO [Thread-1] org.apache.catalina.core.StandardService.stopInternal Stopping service [Catalina]
29-Sep-2024 22:50:46.930 WARNING [Thread-1] org.apache.catalina.loader.WebappClassLoaderBase.clearReferencesJdbc The web application [LTWeb] registered the JDBC driver [com.mysql.cj.jdbc.Driver] but failed to unregister it when the web application was stopped. To prevent a memory leak, the JDBC Driver has been forcibly unregistered.
29-Sep-2024 22:50:46.930 WARNING [Thread-1] org.apache.catalina.loader.WebappClassLoaderBase.clearReferencesJdbc The web application [LTWeb] registered the JDBC driver [com.mysql.cj.jdbc.Driver] but failed to unregister it when the web application was stopped. To prevent a memory leak, the JDBC Driver has been forcibly unregistered.
29-Sep-2024 22:50:46.930 WARNING [Thread-1] org.apache.catalina.loader.WebappClassLoaderBase.clearReferencesJdbc The web application [LTWeb] registered the JDBC driver [com.mysql.cj.jdbc.Driver] but failed to unregister it when the web application was stopped. To prevent a memory leak, the JDBC Driver has been forcibly unregistered.
29-Sep-2024 22:50:46.930 WARNING [Thread-1] org.apache.catalina.loader.WebappClassLoaderBase.clearReferencesJdbc The web application [LTWeb] registered the JDBC driver [com.mysql.cj.jdbc.Driver] but failed to unregister it when the web application was stopped. To prevent a memory leak, the JDBC Driver has been forcibly unregistered.
29-Sep-2024 22:50:46.930 WARNING [Thread-1] org.apache.catalina.loader.WebappClassLoaderBase.clearReferencesThreads The web application [LTWeb] appears to have started a thread named [mysql-cj-abandoned-connection-cleanup] but has failed to stop it. This is very likely to create a memory leak. Stack trace of thread:
 java.base/jdk.internal.misc.Unsafe.park(Native Method)
 java.base/java.util.concurrent.locks.LockSupport.parkNanos(LockSupport.java:269)
 java.base/java.util.concurrent.locks.AbstractQueuedSynchronizer$ConditionObject.await(AbstractQueuedSynchronizer.java:1847)
 java.base/java.lang.ref.ReferenceQueue.await(ReferenceQueue.java:71)
 java.base/java.lang.ref.ReferenceQueue.remove0(ReferenceQueue.java:143)
 java.base/java.lang.ref.ReferenceQueue.remove(ReferenceQueue.java:218)
 com.mysql.cj.jdbc.AbandonedConnectionCleanupThread.run(AbandonedConnectionCleanupThread.java:91)
 java.base/java.util.concurrent.ThreadPoolExecutor.runWorker(ThreadPoolExecutor.java:1144)
 java.base/java.util.concurrent.ThreadPoolExecutor$Worker.run(ThreadPoolExecutor.java:642)
 java.base/java.lang.Thread.run(Thread.java:1570)
29-Sep-2024 22:50:46.934 INFO [Thread-1] org.apache.coyote.AbstractProtocol.stop Stopping ProtocolHandler ["http-nio-8080"]
29-Sep-2024 22:50:46.938 INFO [Thread-1] org.apache.coyote.AbstractProtocol.destroy Destroying ProtocolHandler ["http-nio-8080"]
